-------------------------------------------------------------------------------
Test set: openViduAngularTest
-------------------------------------------------------------------------------
Tests run: 2, Failures: 0, Errors: 2, Skipped: 0, Time elapsed: 23.559 s <<< FAILURE! - in openViduAngularTest
LeaveSession  Time elapsed: 11.433 s  <<< ERROR!
org.openqa.selenium.WebDriverException: 
unknown error: net::ERR_CONNECTION_REFUSED
  (Session info: chrome=108.0.5359.125)
Build info: version: '4.6.0', revision: '79f1c02ae20'
System info: os.name: 'Windows 11', os.arch: 'amd64', os.version: '10.0', java.version: '17.0.2'
Driver info: org.openqa.selenium.chrome.ChromeDriver
Command: [079d2b39865acd7618c3be1697cb1b26, get {url=http://localhost:4200/}]
Capabilities {acceptInsecureCerts: false, browserName: chrome, browserVersion: 108.0.5359.125, chrome: {chromedriverVersion: 107.0.5304.62 (1eec40d3a576..., userDataDir: C:\Users\Usuario\AppData\Lo...}, goog:chromeOptions: {debuggerAddress: localhost:52466}, networkConnectionEnabled: false, pageLoadStrategy: normal, platformName: WINDOWS, proxy: Proxy(), se:cdp: ws://localhost:52466/devtoo..., se:cdpVersion: 108.0.5359.125, setWindowRect: true, strictFileInteractability: false, timeouts: {implicit: 0, pageLoad: 300000, script: 30000}, unhandledPromptBehavior: dismiss and notify, webauthn:extension:credBlob: true, webauthn:extension:largeBlob: true, webauthn:virtualAuthenticators: true}
Session ID: 079d2b39865acd7618c3be1697cb1b26
	at openViduAngularTest.setup(openViduAngularTest.java:64)

JoinSession  Time elapsed: 12.126 s  <<< ERROR!
org.openqa.selenium.WebDriverException: 
unknown error: net::ERR_CONNECTION_REFUSED
  (Session info: chrome=108.0.5359.125)
Build info: version: '4.6.0', revision: '79f1c02ae20'
System info: os.name: 'Windows 11', os.arch: 'amd64', os.version: '10.0', java.version: '17.0.2'
Driver info: org.openqa.selenium.chrome.ChromeDriver
Command: [e49518165b3f66e8ebc7c5a629c4bc97, get {url=http://localhost:4200/}]
Capabilities {acceptInsecureCerts: false, browserName: chrome, browserVersion: 108.0.5359.125, chrome: {chromedriverVersion: 107.0.5304.62 (1eec40d3a576..., userDataDir: C:\Users\Usuario\AppData\Lo...}, goog:chromeOptions: {debuggerAddress: localhost:52579}, networkConnectionEnabled: false, pageLoadStrategy: normal, platformName: WINDOWS, proxy: Proxy(), se:cdp: ws://localhost:52579/devtoo..., se:cdpVersion: 108.0.5359.125, setWindowRect: true, strictFileInteractability: false, timeouts: {implicit: 0, pageLoad: 300000, script: 30000}, unhandledPromptBehavior: dismiss and notify, webauthn:extension:credBlob: true, webauthn:extension:largeBlob: true, webauthn:virtualAuthenticators: true}
Session ID: e49518165b3f66e8ebc7c5a629c4bc97
	at openViduAngularTest.setup(openViduAngularTest.java:64)

