-------------------------------------------------------------------------------
Test set: OpenViduVueTest
-------------------------------------------------------------------------------
Tests run: 4, Failures: 0, Errors: 4, Skipped: 0, Time elapsed: 5.754 s <<< FAILURE! - in OpenViduVueTest
T003_SessionHeader  Time elapsed: 1.352 s  <<< ERROR!
org.openqa.selenium.SessionNotCreatedException: 
Could not start a new session. Response code 500. Message: session not created: This version of ChromeDriver only supports Chrome version 107
Current browser version is 109.0.5414.120 with binary path C:\Program Files (x86)\Google\Chrome\Application\chrome.exe 
Host info: host: 'LAPTOP-1QEIDHPV', ip: '192.168.1.35'
Build info: version: '4.6.0', revision: '79f1c02ae20'
System info: os.name: 'Windows 11', os.arch: 'amd64', os.version: '10.0', java.version: '17.0.2'
Driver info: org.openqa.selenium.chrome.ChromeDriver
Command: [null, newSession {capabilities=[Capabilities {browserName: chrome, goog:chromeOptions: {args: [--use-fake-ui-for-media-stream, --use-fake-device-for-media...], extensions: []}}], desiredCapabilities=Capabilities {browserName: chrome, goog:chromeOptions: {args: [--use-fake-ui-for-media-stream, --use-fake-device-for-media...], extensions: []}}}]
	at OpenViduVueTest.setup(OpenViduVueTest.java:52)

LeaveSession  Time elapsed: 1.628 s  <<< ERROR!
org.openqa.selenium.SessionNotCreatedException: 
Could not start a new session. Response code 500. Message: session not created: This version of ChromeDriver only supports Chrome version 107
Current browser version is 109.0.5414.120 with binary path C:\Program Files (x86)\Google\Chrome\Application\chrome.exe 
Host info: host: 'LAPTOP-1QEIDHPV', ip: '192.168.1.35'
Build info: version: '4.6.0', revision: '79f1c02ae20'
System info: os.name: 'Windows 11', os.arch: 'amd64', os.version: '10.0', java.version: '17.0.2'
Driver info: org.openqa.selenium.chrome.ChromeDriver
Command: [null, newSession {capabilities=[Capabilities {browserName: chrome, goog:chromeOptions: {args: [--use-fake-ui-for-media-stream, --use-fake-device-for-media...], extensions: []}}], desiredCapabilities=Capabilities {browserName: chrome, goog:chromeOptions: {args: [--use-fake-ui-for-media-stream, --use-fake-device-for-media...], extensions: []}}}]
	at OpenViduVueTest.setup(OpenViduVueTest.java:52)

JoinSession  Time elapsed: 1.52 s  <<< ERROR!
org.openqa.selenium.SessionNotCreatedException: 
Could not start a new session. Response code 500. Message: session not created: This version of ChromeDriver only supports Chrome version 107
Current browser version is 109.0.5414.120 with binary path C:\Program Files (x86)\Google\Chrome\Application\chrome.exe 
Host info: host: 'LAPTOP-1QEIDHPV', ip: '192.168.1.35'
Build info: version: '4.6.0', revision: '79f1c02ae20'
System info: os.name: 'Windows 11', os.arch: 'amd64', os.version: '10.0', java.version: '17.0.2'
Driver info: org.openqa.selenium.chrome.ChromeDriver
Command: [null, newSession {capabilities=[Capabilities {browserName: chrome, goog:chromeOptions: {args: [--use-fake-ui-for-media-stream, --use-fake-device-for-media...], extensions: []}}], desiredCapabilities=Capabilities {browserName: chrome, goog:chromeOptions: {args: [--use-fake-ui-for-media-stream, --use-fake-device-for-media...], extensions: []}}}]
	at OpenViduVueTest.setup(OpenViduVueTest.java:52)

T004_ParticipantName  Time elapsed: 1.245 s  <<< ERROR!
org.openqa.selenium.SessionNotCreatedException: 
Could not start a new session. Response code 500. Message: session not created: This version of ChromeDriver only supports Chrome version 107
Current browser version is 109.0.5414.120 with binary path C:\Program Files (x86)\Google\Chrome\Application\chrome.exe 
Host info: host: 'LAPTOP-1QEIDHPV', ip: '192.168.1.35'
Build info: version: '4.6.0', revision: '79f1c02ae20'
System info: os.name: 'Windows 11', os.arch: 'amd64', os.version: '10.0', java.version: '17.0.2'
Driver info: org.openqa.selenium.chrome.ChromeDriver
Command: [null, newSession {capabilities=[Capabilities {browserName: chrome, goog:chromeOptions: {args: [--use-fake-ui-for-media-stream, --use-fake-device-for-media...], extensions: []}}], desiredCapabilities=Capabilities {browserName: chrome, goog:chromeOptions: {args: [--use-fake-ui-for-media-stream, --use-fake-device-for-media...], extensions: []}}}]
	at OpenViduVueTest.setup(OpenViduVueTest.java:52)

